c:\users\zoory\desktop\hal\2018\hew\hew_test\debug\vc140.pdb
c:\users\zoory\desktop\hal\2018\hew\hew_test\debug\vc140.idb
c:\users\zoory\desktop\hal\2018\hew\hew_test\debug\animation.obj
c:\users\zoory\desktop\hal\2018\hew\hew_test\debug\camera.obj
c:\users\zoory\desktop\hal\2018\hew\hew_test\debug\cameramanager.obj
c:\users\zoory\desktop\hal\2018\hew\hew_test\debug\cobject.obj
c:\users\zoory\desktop\hal\2018\hew\hew_test\debug\cplayer.obj
c:\users\zoory\desktop\hal\2018\hew\hew_test\debug\directx3d.obj
c:\users\zoory\desktop\hal\2018\hew\hew_test\debug\gamestage.obj
c:\users\zoory\desktop\hal\2018\hew\hew_test\debug\input.obj
c:\users\zoory\desktop\hal\2018\hew\hew_test\debug\main.obj
c:\users\zoory\desktop\hal\2018\hew\hew_test\debug\playermanager.obj
c:\users\zoory\desktop\hal\2018\hew\hew_test\debug\sprite.obj
c:\users\zoory\desktop\hal\2018\hew\hew_test\debug\systemtimer.obj
c:\users\zoory\desktop\hal\2018\hew\hew_test\debug\texture.obj
c:\users\zoory\desktop\hal\2018\hew\hew_test\debug\temple.ilk
c:\users\zoory\desktop\hal\2018\hew\hew_test\debug\temple.exe
c:\users\zoory\desktop\hal\2018\hew\hew_test\debug\temple.pdb
c:\users\zoory\desktop\hal\2018\hew\hew_test\debug\temple.tlog\cl.command.1.tlog
c:\users\zoory\desktop\hal\2018\hew\hew_test\debug\temple.tlog\cl.read.1.tlog
c:\users\zoory\desktop\hal\2018\hew\hew_test\debug\temple.tlog\cl.write.1.tlog
c:\users\zoory\desktop\hal\2018\hew\hew_test\debug\temple.tlog\link.command.1.tlog
c:\users\zoory\desktop\hal\2018\hew\hew_test\debug\temple.tlog\link.read.1.tlog
c:\users\zoory\desktop\hal\2018\hew\hew_test\debug\temple.tlog\link.write.1.tlog
